<?xml version="1.0" encoding="UTF-8"?>
<testsuites>
  <testsuite name="login_form" timestamp="2017-08-18T12:17:31" time="34.371" tests="2" failures="0" errors="0" skipped="0">
    <properties>
      <property name="specId" value="3c16d83f63592e1092651b1c1bccf927"/>
      <property name="suiteName" value="login form"/>
      <property name="capabilities" value="chrome"/>
      <property name="file" value=".\test\login\Login.spec.js"/>
    </properties>
    <testcase classname="chrome.login_form" name="should_deny_access_with_wrong_creds" time="15.709">
      <system-out>
        <![CDATA[
COMMAND: POST http://127.0.0.1:4444/wd/hub/session/10d46d06-3c63-4af1-85d8-4511dc3fadf2/url - {"url":"http://valleystagingelb-906687222.us-west-2.elb.amazonaws.com/"}
RESULT: {"state":"success","sessionId":"10d46d06-3c63-4af1-85d8-4511dc3fadf2","hCode":2026601,"value":null,"class":"org.openqa.selenium.remote.Response","status":0}
COMMAND: POST http://127.0.0.1:4444/wd/hub/session/10d46d06-3c63-4af1-85d8-4511dc3fadf2/element - {"using":"id","value":"username"}
RESULT: {"state":"success","sessionId":"10d46d06-3c63-4af1-85d8-4511dc3fadf2","hCode":15747799,"value":{"ELEMENT":"0"},"class":"org.openqa.selenium.remote.Response","status":0}
COMMAND: POST http://127.0.0.1:4444/wd/hub/session/10d46d06-3c63-4af1-85d8-4511dc3fadf2/element/0/clear - {}
RESULT: {"state":"success","sessionId":"10d46d06-3c63-4af1-85d8-4511dc3fadf2","hCode":7208712,"value":null,"class":"org.openqa.selenium.remote.Response","status":0}
COMMAND: POST http://127.0.0.1:4444/wd/hub/session/10d46d06-3c63-4af1-85d8-4511dc3fadf2/element/0/value - {"value":["1","0","0","2","1","w","w"],"text":"10021ww"}
RESULT: {"state":"success","sessionId":"10d46d06-3c63-4af1-85d8-4511dc3fadf2","hCode":15062201,"value":null,"class":"org.openqa.selenium.remote.Response","status":0}
COMMAND: POST http://127.0.0.1:4444/wd/hub/session/10d46d06-3c63-4af1-85d8-4511dc3fadf2/element - {"using":"id","value":"password"}
RESULT: {"state":"success","sessionId":"10d46d06-3c63-4af1-85d8-4511dc3fadf2","hCode":7969411,"value":{"ELEMENT":"1"},"class":"org.openqa.selenium.remote.Response","status":0}
COMMAND: POST http://127.0.0.1:4444/wd/hub/session/10d46d06-3c63-4af1-85d8-4511dc3fadf2/element/1/clear - {}
RESULT: {"state":"success","sessionId":"10d46d06-3c63-4af1-85d8-4511dc3fadf2","hCode":16295768,"value":null,"class":"org.openqa.selenium.remote.Response","status":0}
COMMAND: POST http://127.0.0.1:4444/wd/hub/session/10d46d06-3c63-4af1-85d8-4511dc3fadf2/element/1/value - {"value":["p","a","s","s","p","a","s","s"],"text":"passpass"}
RESULT: {"state":"success","sessionId":"10d46d06-3c63-4af1-85d8-4511dc3fadf2","hCode":382702,"value":null,"class":"org.openqa.selenium.remote.Response","status":0}
COMMAND: POST http://127.0.0.1:4444/wd/hub/session/10d46d06-3c63-4af1-85d8-4511dc3fadf2/element - {"using":"id","value":"btn_login"}
RESULT: {"state":"success","sessionId":"10d46d06-3c63-4af1-85d8-4511dc3fadf2","hCode":13384460,"value":{"ELEMENT":"2"},"class":"org.openqa.selenium.remote.Response","status":0}
COMMAND: POST http://127.0.0.1:4444/wd/hub/session/10d46d06-3c63-4af1-85d8-4511dc3fadf2/element/2/click - {}
RESULT: {"state":"success","sessionId":"10d46d06-3c63-4af1-85d8-4511dc3fadf2","hCode":31398691,"value":null,"class":"org.openqa.selenium.remote.Response","status":0}
COMMAND: GET http://127.0.0.1:4444/wd/hub/session/10d46d06-3c63-4af1-85d8-4511dc3fadf2/title - {}
RESULT: {"state":"success","sessionId":"10d46d06-3c63-4af1-85d8-4511dc3fadf2","hCode":16542192,"value":"Valley Order Site","class":"org.openqa.selenium.remote.Response","status":0}
]]>
      </system-out>
    </testcase>
    <testcase classname="chrome.login_form" name="should_allow_access_with_correct_creds" time="18.661">
      <system-out>
        <![CDATA[
COMMAND: POST http://127.0.0.1:4444/wd/hub/session/10d46d06-3c63-4af1-85d8-4511dc3fadf2/url - {"url":"http://valleystagingelb-906687222.us-west-2.elb.amazonaws.com/"}
RESULT: {"state":"success","sessionId":"10d46d06-3c63-4af1-85d8-4511dc3fadf2","hCode":13709679,"value":null,"class":"org.openqa.selenium.remote.Response","status":0}
COMMAND: POST http://127.0.0.1:4444/wd/hub/session/10d46d06-3c63-4af1-85d8-4511dc3fadf2/element - {"using":"id","value":"username"}
RESULT: {"state":"success","sessionId":"10d46d06-3c63-4af1-85d8-4511dc3fadf2","hCode":13115722,"value":{"ELEMENT":"3"},"class":"org.openqa.selenium.remote.Response","status":0}
COMMAND: POST http://127.0.0.1:4444/wd/hub/session/10d46d06-3c63-4af1-85d8-4511dc3fadf2/element/3/clear - {}
RESULT: {"state":"success","sessionId":"10d46d06-3c63-4af1-85d8-4511dc3fadf2","hCode":15102404,"value":null,"class":"org.openqa.selenium.remote.Response","status":0}
COMMAND: POST http://127.0.0.1:4444/wd/hub/session/10d46d06-3c63-4af1-85d8-4511dc3fadf2/element/3/value - {"value":["1","0","0","2","1"],"text":"10021"}
RESULT: {"state":"success","sessionId":"10d46d06-3c63-4af1-85d8-4511dc3fadf2","hCode":91033,"value":null,"class":"org.openqa.selenium.remote.Response","status":0}
COMMAND: POST http://127.0.0.1:4444/wd/hub/session/10d46d06-3c63-4af1-85d8-4511dc3fadf2/element - {"using":"id","value":"password"}
RESULT: {"state":"success","sessionId":"10d46d06-3c63-4af1-85d8-4511dc3fadf2","hCode":16518644,"value":{"ELEMENT":"4"},"class":"org.openqa.selenium.remote.Response","status":0}
COMMAND: POST http://127.0.0.1:4444/wd/hub/session/10d46d06-3c63-4af1-85d8-4511dc3fadf2/element/4/clear - {}
RESULT: {"state":"success","sessionId":"10d46d06-3c63-4af1-85d8-4511dc3fadf2","hCode":8093396,"value":null,"class":"org.openqa.selenium.remote.Response","status":0}
COMMAND: POST http://127.0.0.1:4444/wd/hub/session/10d46d06-3c63-4af1-85d8-4511dc3fadf2/element/4/value - {"value":["p","a","s","s","p","a","s","s"],"text":"passpass"}
RESULT: {"state":"success","sessionId":"10d46d06-3c63-4af1-85d8-4511dc3fadf2","hCode":12589603,"value":null,"class":"org.openqa.selenium.remote.Response","status":0}
COMMAND: POST http://127.0.0.1:4444/wd/hub/session/10d46d06-3c63-4af1-85d8-4511dc3fadf2/element - {"using":"id","value":"btn_login"}
RESULT: {"state":"success","sessionId":"10d46d06-3c63-4af1-85d8-4511dc3fadf2","hCode":18645322,"value":{"ELEMENT":"5"},"class":"org.openqa.selenium.remote.Response","status":0}
COMMAND: POST http://127.0.0.1:4444/wd/hub/session/10d46d06-3c63-4af1-85d8-4511dc3fadf2/element/5/click - {}
RESULT: {"state":"success","sessionId":"10d46d06-3c63-4af1-85d8-4511dc3fadf2","hCode":21616200,"value":null,"class":"org.openqa.selenium.remote.Response","status":0}
COMMAND: GET http://127.0.0.1:4444/wd/hub/session/10d46d06-3c63-4af1-85d8-4511dc3fadf2/title - {}
RESULT: {"state":"success","sessionId":"10d46d06-3c63-4af1-85d8-4511dc3fadf2","hCode":4931282,"value":"Home Page","class":"org.openqa.selenium.remote.Response","status":0}
COMMAND: GET http://127.0.0.1:4444/wd/hub/session/10d46d06-3c63-4af1-85d8-4511dc3fadf2/screenshot - {}
RESULT: {"state":"success","sessionId":"10d46d06-3c63-4af1-85d8-4511dc3fadf2","hCode":29867456,"value":"[base64] 98216 bytes","class":"org.openqa.selenium.remote.Response","status":0}
COMMAND: DELETE http://127.0.0.1:4444/wd/hub/session/10d46d06-3c63-4af1-85d8-4511dc3fadf2 - {}
RESULT: {"state":"success","sessionId":"10d46d06-3c63-4af1-85d8-4511dc3fadf2","hCode":18777801,"value":null,"class":"org.openqa.selenium.remote.Response","status":0}
]]>
      </system-out>
    </testcase>
  </testsuite>
</testsuites>