<?xml version="1.0" encoding="UTF-8"?>
<testsuites>
  <testsuite name="login_form" timestamp="2017-08-18T13:07:10" time="38.631" tests="2" failures="0" errors="0" skipped="0">
    <properties>
      <property name="specId" value="3c16d83f63592e1092651b1c1bccf927"/>
      <property name="suiteName" value="login form"/>
      <property name="capabilities" value="chrome"/>
      <property name="file" value=".\test\login\Login.spec.js"/>
    </properties>
    <testcase classname="chrome.login_form" name="should_deny_access_with_wrong_creds" time="18.293">
      <system-out>
        <![CDATA[
COMMAND: POST http://127.0.0.1:4444/wd/hub/session/b7431589-cf14-426f-a1a2-5525fe8ac09c/url - {"url":"http://valleystagingelb-906687222.us-west-2.elb.amazonaws.com/"}
RESULT: {"state":"success","sessionId":"b7431589-cf14-426f-a1a2-5525fe8ac09c","hCode":2201379,"value":null,"class":"org.openqa.selenium.remote.Response","status":0}
COMMAND: POST http://127.0.0.1:4444/wd/hub/session/b7431589-cf14-426f-a1a2-5525fe8ac09c/element - {"using":"id","value":"username"}
RESULT: {"state":"success","sessionId":"b7431589-cf14-426f-a1a2-5525fe8ac09c","hCode":14315460,"value":{"ELEMENT":"0"},"class":"org.openqa.selenium.remote.Response","status":0}
COMMAND: POST http://127.0.0.1:4444/wd/hub/session/b7431589-cf14-426f-a1a2-5525fe8ac09c/element/0/clear - {}
RESULT: {"state":"success","sessionId":"b7431589-cf14-426f-a1a2-5525fe8ac09c","hCode":14296746,"value":null,"class":"org.openqa.selenium.remote.Response","status":0}
COMMAND: POST http://127.0.0.1:4444/wd/hub/session/b7431589-cf14-426f-a1a2-5525fe8ac09c/element/0/value - {"value":["1","0","0","2","1","w","w"],"text":"10021ww"}
RESULT: {"state":"success","sessionId":"b7431589-cf14-426f-a1a2-5525fe8ac09c","hCode":30061548,"value":null,"class":"org.openqa.selenium.remote.Response","status":0}
COMMAND: POST http://127.0.0.1:4444/wd/hub/session/b7431589-cf14-426f-a1a2-5525fe8ac09c/element - {"using":"id","value":"password"}
RESULT: {"state":"success","sessionId":"b7431589-cf14-426f-a1a2-5525fe8ac09c","hCode":12280299,"value":{"ELEMENT":"1"},"class":"org.openqa.selenium.remote.Response","status":0}
COMMAND: POST http://127.0.0.1:4444/wd/hub/session/b7431589-cf14-426f-a1a2-5525fe8ac09c/element/1/clear - {}
RESULT: {"state":"success","sessionId":"b7431589-cf14-426f-a1a2-5525fe8ac09c","hCode":3526690,"value":null,"class":"org.openqa.selenium.remote.Response","status":0}
COMMAND: POST http://127.0.0.1:4444/wd/hub/session/b7431589-cf14-426f-a1a2-5525fe8ac09c/element/1/value - {"value":["p","a","s","s","p","a","s","s"],"text":"passpass"}
RESULT: {"state":"success","sessionId":"b7431589-cf14-426f-a1a2-5525fe8ac09c","hCode":31437890,"value":null,"class":"org.openqa.selenium.remote.Response","status":0}
COMMAND: POST http://127.0.0.1:4444/wd/hub/session/b7431589-cf14-426f-a1a2-5525fe8ac09c/element - {"using":"id","value":"btn_login"}
RESULT: {"state":"success","sessionId":"b7431589-cf14-426f-a1a2-5525fe8ac09c","hCode":10830856,"value":{"ELEMENT":"2"},"class":"org.openqa.selenium.remote.Response","status":0}
COMMAND: POST http://127.0.0.1:4444/wd/hub/session/b7431589-cf14-426f-a1a2-5525fe8ac09c/element/2/click - {}
RESULT: {"state":"success","sessionId":"b7431589-cf14-426f-a1a2-5525fe8ac09c","hCode":31708898,"value":null,"class":"org.openqa.selenium.remote.Response","status":0}
COMMAND: GET http://127.0.0.1:4444/wd/hub/session/b7431589-cf14-426f-a1a2-5525fe8ac09c/title - {}
RESULT: {"state":"success","sessionId":"b7431589-cf14-426f-a1a2-5525fe8ac09c","hCode":11417633,"value":"Valley Order Site","class":"org.openqa.selenium.remote.Response","status":0}
]]>
      </system-out>
    </testcase>
    <testcase classname="chrome.login_form" name="should_allow_access_with_correct_creds" time="20.334">
      <system-out>
        <![CDATA[
COMMAND: POST http://127.0.0.1:4444/wd/hub/session/b7431589-cf14-426f-a1a2-5525fe8ac09c/url - {"url":"http://valleystagingelb-906687222.us-west-2.elb.amazonaws.com/"}
RESULT: {"state":"success","sessionId":"b7431589-cf14-426f-a1a2-5525fe8ac09c","hCode":18297606,"value":null,"class":"org.openqa.selenium.remote.Response","status":0}
COMMAND: POST http://127.0.0.1:4444/wd/hub/session/b7431589-cf14-426f-a1a2-5525fe8ac09c/element - {"using":"id","value":"username"}
RESULT: {"state":"success","sessionId":"b7431589-cf14-426f-a1a2-5525fe8ac09c","hCode":8542827,"value":{"ELEMENT":"3"},"class":"org.openqa.selenium.remote.Response","status":0}
COMMAND: POST http://127.0.0.1:4444/wd/hub/session/b7431589-cf14-426f-a1a2-5525fe8ac09c/element/3/clear - {}
RESULT: {"state":"success","sessionId":"b7431589-cf14-426f-a1a2-5525fe8ac09c","hCode":28348323,"value":null,"class":"org.openqa.selenium.remote.Response","status":0}
COMMAND: POST http://127.0.0.1:4444/wd/hub/session/b7431589-cf14-426f-a1a2-5525fe8ac09c/element/3/value - {"value":["1","0","0","2","1"],"text":"10021"}
RESULT: {"state":"success","sessionId":"b7431589-cf14-426f-a1a2-5525fe8ac09c","hCode":27764896,"value":null,"class":"org.openqa.selenium.remote.Response","status":0}
COMMAND: POST http://127.0.0.1:4444/wd/hub/session/b7431589-cf14-426f-a1a2-5525fe8ac09c/element - {"using":"id","value":"password"}
RESULT: {"state":"success","sessionId":"b7431589-cf14-426f-a1a2-5525fe8ac09c","hCode":11870177,"value":{"ELEMENT":"4"},"class":"org.openqa.selenium.remote.Response","status":0}
COMMAND: POST http://127.0.0.1:4444/wd/hub/session/b7431589-cf14-426f-a1a2-5525fe8ac09c/element/4/clear - {}
RESULT: {"state":"success","sessionId":"b7431589-cf14-426f-a1a2-5525fe8ac09c","hCode":33256380,"value":null,"class":"org.openqa.selenium.remote.Response","status":0}
COMMAND: POST http://127.0.0.1:4444/wd/hub/session/b7431589-cf14-426f-a1a2-5525fe8ac09c/element/4/value - {"value":["p","a","s","s","p","a","s","s"],"text":"passpass"}
RESULT: {"state":"success","sessionId":"b7431589-cf14-426f-a1a2-5525fe8ac09c","hCode":19800046,"value":null,"class":"org.openqa.selenium.remote.Response","status":0}
COMMAND: POST http://127.0.0.1:4444/wd/hub/session/b7431589-cf14-426f-a1a2-5525fe8ac09c/element - {"using":"id","value":"btn_login"}
RESULT: {"state":"success","sessionId":"b7431589-cf14-426f-a1a2-5525fe8ac09c","hCode":14235154,"value":{"ELEMENT":"5"},"class":"org.openqa.selenium.remote.Response","status":0}
COMMAND: POST http://127.0.0.1:4444/wd/hub/session/b7431589-cf14-426f-a1a2-5525fe8ac09c/element/5/click - {}
RESULT: {"state":"success","sessionId":"b7431589-cf14-426f-a1a2-5525fe8ac09c","hCode":16372307,"value":null,"class":"org.openqa.selenium.remote.Response","status":0}
COMMAND: GET http://127.0.0.1:4444/wd/hub/session/b7431589-cf14-426f-a1a2-5525fe8ac09c/title - {}
RESULT: {"state":"success","sessionId":"b7431589-cf14-426f-a1a2-5525fe8ac09c","hCode":10854148,"value":"Home Page","class":"org.openqa.selenium.remote.Response","status":0}
COMMAND: GET http://127.0.0.1:4444/wd/hub/session/b7431589-cf14-426f-a1a2-5525fe8ac09c/screenshot - {}
RESULT: {"state":"success","sessionId":"b7431589-cf14-426f-a1a2-5525fe8ac09c","hCode":11205922,"value":"[base64] 98220 bytes","class":"org.openqa.selenium.remote.Response","status":0}
COMMAND: DELETE http://127.0.0.1:4444/wd/hub/session/b7431589-cf14-426f-a1a2-5525fe8ac09c - {}
RESULT: {"state":"success","sessionId":"b7431589-cf14-426f-a1a2-5525fe8ac09c","hCode":10080870,"value":null,"class":"org.openqa.selenium.remote.Response","status":0}
]]>
      </system-out>
    </testcase>
  </testsuite>
</testsuites>